<?xml version="1.0" encoding="UTF-8"?>
<testsuite name="cn.xpbootcamp.fizzbuzz.TestFizzBuzz" tests="1" skipped="0" failures="0" errors="0" timestamp="2020-05-11T17:46:59" hostname="DonerdeMacBook-Pro.local" time="0.043">
  <properties/>
  <testcase name="full_test" classname="cn.xpbootcamp.fizzbuzz.TestFizzBuzz" time="0.043"/>
  <system-out><![CDATA[]]></system-out>
  <system-err><![CDATA[]]></system-err>
</testsuite>
