<?xml version="1.0" encoding="UTF-8"?>
<testsuite name="cn.xpbootcamp.fizzbuzz.TestFizzBuzz" tests="5" skipped="0" failures="0" errors="0" timestamp="2020-05-12T03:00:55" hostname="DonerdeMacBook-Pro.local" time="0.042">
  <properties/>
  <testcase name="full_test" classname="cn.xpbootcamp.fizzbuzz.TestFizzBuzz" time="0.04"/>
  <testcase name="should_return_Fuzz_when_number_is_5_multiple" classname="cn.xpbootcamp.fizzbuzz.TestFizzBuzz" time="0.0"/>
  <testcase name="should_return_Whizz_when_number_is_7_multiple" classname="cn.xpbootcamp.fizzbuzz.TestFizzBuzz" time="0.0"/>
  <testcase name="should_return_Fizz_when_number_is_3_multiple" classname="cn.xpbootcamp.fizzbuzz.TestFizzBuzz" time="0.0"/>
  <testcase name="should_return_FizzWhizz_when_number_is_21" classname="cn.xpbootcamp.fizzbuzz.TestFizzBuzz" time="0.001"/>
  <system-out><![CDATA[]]></system-out>
  <system-err><![CDATA[]]></system-err>
</testsuite>
